# JRE version: Java(TM) SE Runtime Environment (8.0_65-b17) (build 1.8.0_65-b17)
# Java VM: Java HotSpot(TM) 64-Bit Server VM (25.65-b01 mixed mode windows-amd64 compressed oops)
Heap:
 PSYoungGen      total 247808K, used 91755K [0x00000000eab00000, 0x00000000fc580000, 0x0000000100000000)
  eden space 245248K, 37% used [0x00000000eab00000,0x00000000f049ad00,0x00000000f9a80000)
  from space 2560K, 0% used [0x00000000f9a80000,0x00000000f9a80000,0x00000000f9d00000)
  to   space 22016K, 0% used [0x00000000fb000000,0x00000000fb000000,0x00000000fc580000)
 ParOldGen       total 79360K, used 31094K [0x00000000c0000000, 0x00000000c4d80000, 0x00000000eab00000)
  object space 79360K, 39% used [0x00000000c0000000,0x00000000c1e5d968,0x00000000c4d80000)
 Metaspace       used 63291K, capacity 66966K, committed 71680K, reserved 1112064K
  class space    used 7882K, capacity 8166K, committed 9216K, reserved 1048576K
GC Heap History (10 events):
Event: 12139.565 GC heap before
{Heap before GC invocations=64 (full 23):
 PSYoungGen      total 274944K, used 255488K [0x00000000eab00000, 0x00000000fcb80000, 0x0000000100000000)
  eden space 255488K, 100% used [0x00000000eab00000,0x00000000fa480000,0x00000000fa480000)
  from space 19456K, 0% used [0x00000000fb880000,0x00000000fb880000,0x00000000fcb80000)
  to   space 19968K, 0% used [0x00000000fa480000,0x00000000fa480000,0x00000000fb800000)
 ParOldGen       total 79360K, used 31005K [0x00000000c0000000, 0x00000000c4d80000, 0x00000000eab00000)
  object space 79360K, 39% used [0x00000000c0000000,0x00000000c1e47560,0x00000000c4d80000)
 Metaspace       used 63312K, capacity 67008K, committed 71424K, reserved 1112064K
  class space    used 7925K, capacity 8243K, committed 9216K, reserved 1048576K
Event: 12139.585 GC heap after
Heap after GC invocations=64 (full 23):
 PSYoungGen      total 261632K, used 15872K [0x00000000eab00000, 0x00000000fc680000, 0x0000000100000000)
  eden space 245248K, 0% used [0x00000000eab00000,0x00000000eab00000,0x00000000f9a80000)
  from space 16384K, 96% used [0x00000000fa480000,0x00000000fb4001b8,0x00000000fb480000)
  to   space 18432K, 0% used [0x00000000fb480000,0x00000000fb480000,0x00000000fc680000)
 ParOldGen       total 79360K, used 31005K [0x00000000c0000000, 0x00000000c4d80000, 0x00000000eab00000)
  object space 79360K, 39% used [0x00000000c0000000,0x00000000c1e47560,0x00000000c4d80000)
 Metaspace       used 63312K, capacity 67008K, committed 71424K, reserved 1112064K
  class space    used 7925K, capacity 8243K, committed 9216K, reserved 1048576K
}
Event: 12144.641 GC heap before
{Heap before GC invocations=65 (full 23):
 PSYoungGen      total 261632K, used 108977K [0x00000000eab00000, 0x00000000fc680000, 0x0000000100000000)
  eden space 245248K, 37% used [0x00000000eab00000,0x00000000f05ec478,0x00000000f9a80000)
  from space 16384K, 96% used [0x00000000fa480000,0x00000000fb4001b8,0x00000000fb480000)
  to   space 18432K, 0% used [0x00000000fb480000,0x00000000fb480000,0x00000000fc680000)
 ParOldGen       total 79360K, used 31005K [0x00000000c0000000, 0x00000000c4d80000, 0x00000000eab00000)
  object space 79360K, 39% used [0x00000000c0000000,0x00000000c1e47560,0x00000000c4d80000)
 Metaspace       used 63583K, capacity 67622K, committed 71424K, reserved 1112064K
  class space    used 8002K, capacity 8392K, committed 9216K, reserved 1048576K
Event: 12144.655 GC heap after
Heap after GC invocations=65 (full 23):
 PSYoungGen      total 263680K, used 12095K [0x00000000eab00000, 0x00000000fc780000, 0x0000000100000000)
  eden space 245248K, 0% used [0x00000000eab00000,0x00000000eab00000,0x00000000f9a80000)
  from space 18432K, 65% used [0x00000000fb480000,0x00000000fc04fc70,0x00000000fc680000)
  to   space 23040K, 0% used [0x00000000f9a80000,0x00000000f9a80000,0x00000000fb100000)
 ParOldGen       total 79360K, used 31013K [0x00000000c0000000, 0x00000000c4d80000, 0x00000000eab00000)
  object space 79360K, 39% used [0x00000000c0000000,0x00000000c1e49560,0x00000000c4d80000)
 Metaspace       used 63583K, capacity 67622K, committed 71424K, reserved 1112064K
  class space    used 8002K, capacity 8392K, committed 9216K, reserved 1048576K
}
Event: 12144.655 GC heap before
{Heap before GC invocations=66 (full 24):
 PSYoungGen      total 263680K, used 12095K [0x00000000eab00000, 0x00000000fc780000, 0x0000000100000000)
  eden space 245248K, 0% used [0x00000000eab00000,0x00000000eab00000,0x00000000f9a80000)
  from space 18432K, 65% used [0x00000000fb480000,0x00000000fc04fc70,0x00000000fc680000)
  to   space 23040K, 0% used [0x00000000f9a80000,0x00000000f9a80000,0x00000000fb100000)
 ParOldGen       total 79360K, used 31013K [0x00000000c0000000, 0x00000000c4d80000, 0x00000000eab00000)
  object space 79360K, 39% used [0x00000000c0000000,0x00000000c1e49560,0x00000000c4d80000)
 Metaspace       used 63583K, capacity 67622K, committed 71424K, reserved 1112064K
  class space    used 8002K, capacity 8392K, committed 9216K, reserved 1048576K
Event: 12144.848 GC heap after
Heap after GC invocations=66 (full 24):
 PSYoungGen      total 263680K, used 0K [0x00000000eab00000, 0x00000000fc780000, 0x0000000100000000)
  eden space 245248K, 0% used [0x00000000eab00000,0x00000000eab00000,0x00000000f9a80000)
  from space 18432K, 0% used [0x00000000fb480000,0x00000000fb480000,0x00000000fc680000)
  to   space 23040K, 0% used [0x00000000f9a80000,0x00000000f9a80000,0x00000000fb100000)
 ParOldGen       total 79360K, used 41624K [0x00000000c0000000, 0x00000000c4d80000, 0x00000000eab00000)
  object space 79360K, 52% used [0x00000000c0000000,0x00000000c28a61d0,0x00000000c4d80000)
 Metaspace       used 63583K, capacity 67622K, committed 71424K, reserved 1112064K
  class space    used 8002K, capacity 8392K, committed 9216K, reserved 1048576K
}
Event: 17955.074 GC heap before
{Heap before GC invocations=67 (full 24):
 PSYoungGen      total 263680K, used 205432K [0x00000000eab00000, 0x00000000fc780000, 0x0000000100000000)
  eden space 245248K, 83% used [0x00000000eab00000,0x00000000f739e1e8,0x00000000f9a80000)
  from space 18432K, 0% used [0x00000000fb480000,0x00000000fb480000,0x00000000fc680000)
  to   space 23040K, 0% used [0x00000000f9a80000,0x00000000f9a80000,0x00000000fb100000)
 ParOldGen       total 79360K, used 41624K [0x00000000c0000000, 0x00000000c4d80000, 0x00000000eab00000)
  object space 79360K, 52% used [0x00000000c0000000,0x00000000c28a61d0,0x00000000c4d80000)
 Metaspace       used 63741K, capacity 68022K, committed 71680K, reserved 1112064K
  class space    used 8025K, capacity 8429K, committed 9216K, reserved 1048576K
Event: 17955.079 GC heap after
Heap after GC invocations=67 (full 24):
 PSYoungGen      total 247808K, used 2095K [0x00000000eab00000, 0x00000000fc580000, 0x0000000100000000)
  eden space 245248K, 0% used [0x00000000eab00000,0x00000000eab00000,0x00000000f9a80000)
  from space 2560K, 81% used [0x00000000f9a80000,0x00000000f9c8bc60,0x00000000f9d00000)
  to   space 22016K, 0% used [0x00000000fb000000,0x00000000fb000000,0x00000000fc580000)
 ParOldGen       total 79360K, used 41632K [0x00000000c0000000, 0x00000000c4d80000, 0x00000000eab00000)
  object space 79360K, 52% used [0x00000000c0000000,0x00000000c28a81d0,0x00000000c4d80000)
 Metaspace       used 63741K, capacity 68022K, committed 71680K, reserved 1112064K
  class space    used 8025K, capacity 8429K, committed 9216K, reserved 1048576K
}
Event: 17955.079 GC heap before
{Heap before GC invocations=68 (full 25):
 PSYoungGen      total 247808K, used 2095K [0x00000000eab00000, 0x00000000fc580000, 0x0000000100000000)
  eden space 245248K, 0% used [0x00000000eab00000,0x00000000eab00000,0x00000000f9a80000)
  from space 2560K, 81% used [0x00000000f9a80000,0x00000000f9c8bc60,0x00000000f9d00000)
  to   space 22016K, 0% used [0x00000000fb000000,0x00000000fb000000,0x00000000fc580000)
 ParOldGen       total 79360K, used 41632K [0x00000000c0000000, 0x00000000c4d80000, 0x00000000eab00000)
  object space 79360K, 52% used [0x00000000c0000000,0x00000000c28a81d0,0x00000000c4d80000)
 Metaspace       used 63741K, capacity 68022K, committed 71680K, reserved 1112064K
  class space    used 8025K, capacity 8429K, committed 9216K, reserved 1048576K
Event: 17955.307 GC heap after
Heap after GC invocations=68 (full 25):
 PSYoungGen      total 247808K, used 0K [0x00000000eab00000, 0x00000000fc580000, 0x0000000100000000)
  eden space 245248K, 0% used [0x00000000eab00000,0x00000000eab00000,0x00000000f9a80000)
  from space 2560K, 0% used [0x00000000f9a80000,0x00000000f9a80000,0x00000000f9d00000)
  to   space 22016K, 0% used [0x00000000fb000000,0x00000000fb000000,0x00000000fc580000)
 ParOldGen       total 79360K, used 31094K [0x00000000c0000000, 0x00000000c4d80000, 0x00000000eab00000)
  object space 79360K, 39% used [0x00000000c0000000,0x00000000c1e5d968,0x00000000c4d80000)
 Metaspace       used 63097K, capacity 66610K, committed 71680K, reserved 1112064K
  class space    used 7849K, capacity 8112K, committed 9216K, reserved 1048576K
}

